<?xml version="1.0" encoding="UTF-8"?>
<!-- Generated by org.testng.reporters.JUnitXMLReporter -->
<testsuite ignored="0" hostname="Laptop-465" failures="0" tests="4" name="Default test" time="34.285" errors="0" timestamp="2023-11-20T16:39:33 IST">
  <testcase classname="qnodelogintestcases.Register" name="verifyRegisterWithMandatoryFields" time="1.136"/>
  <testcase classname="qnodelogintestcases.Register" name="verifyRegisterWithAllFields" time="1.465"/>
  <testcase classname="qnodelogintestcases.Register" name="verifyRegisterAccountWithExistingEmail" time="1.201"/>
  <testcase classname="qnodelogintestcases.Register" name="verifyRegisterAccountWithoutProvidingDetails" time="0.458"/>
</testsuite> <!-- Default test -->
