<?xml version="1.0" encoding="UTF-8"?>
<!-- Generated by org.testng.reporters.JUnitXMLReporter -->
<testsuite ignored="6" hostname="Laptop-465" failures="2" tests="13" name="Test" time="105.477" errors="0" timestamp="2023-12-14T16:10:11 IST">
  <testcase classname="qnodelogintestcases.RegisterTest" name="verifyRegisterWithMandatoryFields" time="1.237"/>
  <testcase classname="qnodelogintestcases.RegisterTest" name="verifyRegisterWithAllFields" time="1.465"/>
  <testcase classname="qnodelogintestcases.RegisterTest" name="verifyRegisterAccountWithExistingEmail" time="1.285"/>
  <testcase classname="qnodelogintestcases.RegisterTest" name="verifyRegisterAccountWithoutProvidingDetails" time="0.612"/>
  <testcase classname="qnodelogintestcases.LoginTest" name="verifyLoginWithValidCredentials" time="0.865"/>
  <testcase classname="qnodelogintestcases.LoginTest" name="verifyLoginWithValidCredentials" time="0.756"/>
  <testcase classname="qnodelogintestcases.LoginTest" name="verifyLoginWithInvalidCredentials" time="0.552"/>
  <testcase classname="qnodelogintestcases.LoginTest" name="verifyLoginWithInvalidEmailAndValidPassword" time="0.623"/>
  <testcase classname="qnodelogintestcases.LoginTest" name="verifyLoginWithValidEmailAndInvalidPassword" time="0.538"/>
  <testcase classname="qnodelogintestcases.LoginTest" name="verifyLoginWithoutCredentials" time="0.486">
    <failure type="java.lang.AssertionError" message="expected [true] but found [false]">
      <![CDATA[java.lang.AssertionError: expected [true] but found [false]
at qnodelogintestcases.LoginTest.verifyLoginWithoutCredentials(LoginTest.java:138)
at java.base/java.util.ArrayList.forEach(ArrayList.java:1511)
... Removed 31 stack frames]]>
    </failure>
  </testcase> <!-- verifyLoginWithoutCredentials -->
  <testcase classname="qnodelogintestcases.SearchTest" name="verifySearchWithValidProduct" time="0.537"/>
  <testcase classname="qnodelogintestcases.SearchTest" name="verifySearchWithNonExistProduct" time="0.541"/>
  <testcase classname="qnodelogintestcases.SearchTest" name="verifySearchWihoutProduct" time="10.812">
    <failure type="org.openqa.selenium.NoSuchElementException" message="Unable to locate element: //p[contains(text(),&amp;apos;There is no product that matches the search criteria.&amp;apos;)]
For documentation on this error, please visit: https://www.selenium.dev/documentation/webdriver/troubleshooting/errors#no-such-element-exception
Build info: version: &amp;apos;4.13.0&amp;apos;, revision: &amp;apos;ba948ece5b*&amp;apos;
System info: os.name: &amp;apos;Windows 10&amp;apos;, os.arch: &amp;apos;amd64&amp;apos;, os.version: &amp;apos;10.0&amp;apos;, java.version: &amp;apos;17.0.8.1&amp;apos;
Driver info: org.openqa.selenium.firefox.FirefoxDriver
Command: [3a9614ce-2dbc-4e32-b1e7-05e1e5570264, findElement {using=xpath, value=//p[contains(text(),&amp;apos;There is no product that matches the search criteria.&amp;apos;)]}]
Capabilities {acceptInsecureCerts: true, browserName: firefox, browserVersion: 120.0.1, moz:accessibilityChecks: false, moz:buildID: 20231129155202, moz:debuggerAddress: 127.0.0.1:47948, moz:geckodriverVersion: 0.33.0, moz:headless: false, moz:platformVersion: 10.0, moz:processID: 3280, moz:profile: C:\Users\MITTAL~1\AppData\L..., moz:shutdownTimeout: 60000, moz:webdriverClick: true, moz:windowless: false, pageLoadStrategy: normal, platformName: windows, proxy: Proxy(), se:cdp: ws://127.0.0.1:47948/devtoo..., se:cdpVersion: 85.0, setWindowRect: true, strictFileInteractability: false, timeouts: {implicit: 0, pageLoad: 300000, script: 30000}, unhandledPromptBehavior: dismiss and notify}
Session ID: 3a9614ce-2dbc-4e32-b1e7-05e1e5570264">
      <![CDATA[org.openqa.selenium.NoSuchElementException: Unable to locate element: //p[contains(text(),'There is no product that matches the search criteria.')]
For documentation on this error, please visit: https://www.selenium.dev/documentation/webdriver/troubleshooting/errors#no-such-element-exception
Build info: version: '4.13.0', revision: 'ba948ece5b*'
System info: os.name: 'Windows 10', os.arch: 'amd64', os.version: '10.0', java.version: '17.0.8.1'
Driver info: org.openqa.selenium.firefox.FirefoxDriver
Command: [3a9614ce-2dbc-4e32-b1e7-05e1e5570264, findElement {using=xpath, value=//p[contains(text(),'There is no product that matches the search criteria.')]}]
Capabilities {acceptInsecureCerts: true, browserName: firefox, browserVersion: 120.0.1, moz:accessibilityChecks: false, moz:buildID: 20231129155202, moz:debuggerAddress: 127.0.0.1:47948, moz:geckodriverVersion: 0.33.0, moz:headless: false, moz:platformVersion: 10.0, moz:processID: 3280, moz:profile: C:\Users\MITTAL~1\AppData\L..., moz:shutdownTimeout: 60000, moz:webdriverClick: true, moz:windowless: false, pageLoadStrategy: normal, platformName: windows, proxy: Proxy(), se:cdp: ws://127.0.0.1:47948/devtoo..., se:cdpVersion: 85.0, setWindowRect: true, strictFileInteractability: false, timeouts: {implicit: 0, pageLoad: 300000, script: 30000}, unhandledPromptBehavior: dismiss and notify}
Session ID: 3a9614ce-2dbc-4e32-b1e7-05e1e5570264
at org.openqa.selenium.remote.codec.w3c.W3CHttpResponseCodec.createException(W3CHttpResponseCodec.java:200)
at org.openqa.selenium.remote.codec.w3c.W3CHttpResponseCodec.decode(W3CHttpResponseCodec.java:133)
at org.openqa.selenium.remote.codec.w3c.W3CHttpResponseCodec.decode(W3CHttpResponseCodec.java:52)
at org.openqa.selenium.remote.HttpCommandExecutor.execute(HttpCommandExecutor.java:191)
at org.openqa.selenium.remote.service.DriverCommandExecutor.invokeExecute(DriverCommandExecutor.java:196)
at org.openqa.selenium.remote.service.DriverCommandExecutor.execute(DriverCommandExecutor.java:171)
at org.openqa.selenium.remote.RemoteWebDriver.execute(RemoteWebDriver.java:602)
at org.openqa.selenium.remote.ElementLocation$ElementFinder$2.findElement(ElementLocation.java:165)
at org.openqa.selenium.remote.ElementLocation.findElement(ElementLocation.java:59)
at org.openqa.selenium.remote.RemoteWebDriver.findElement(RemoteWebDriver.java:359)
at org.openqa.selenium.remote.RemoteWebDriver.findElement(RemoteWebDriver.java:353)
at org.openqa.selenium.support.pagefactory.DefaultElementLocator.findElement(DefaultElementLocator.java:68)
at org.openqa.selenium.support.pagefactory.internal.LocatingElementHandler.invoke(LocatingElementHandler.java:38)
at jdk.proxy2/jdk.proxy2.$Proxy21.getText(Unknown Source)
at com.qnode.qa.pages.SearchPage.retriveNoProductMessageText(SearchPage.java:33)
at qnodelogintestcases.SearchTest.verifySearchWihoutProduct(SearchTest.java:72)
at java.base/java.util.ArrayList.forEach(ArrayList.java:1511)
... Removed 32 stack frames]]>
    </failure>
  </testcase> <!-- verifySearchWihoutProduct -->
  <testcase classname="com.qnodetestingproject.base.Base" name="@BeforeTest getnameMethod" time="0.0">
    <ignored/>
  </testcase> <!-- @BeforeTest getnameMethod -->
  <testcase classname="com.qnodetestingproject.base.Base" name="@BeforeTest getnameMethod" time="0.0">
    <ignored/>
  </testcase> <!-- @BeforeTest getnameMethod -->
  <testcase classname="com.qnodetestingproject.base.Base" name="@BeforeSuite InitExentReport" time="0.0">
    <ignored/>
  </testcase> <!-- @BeforeSuite InitExentReport -->
  <testcase classname="com.qnodetestingproject.base.Base" name="@BeforeSuite InitExentReport" time="0.0">
    <ignored/>
  </testcase> <!-- @BeforeSuite InitExentReport -->
  <testcase classname="com.qnodetestingproject.base.Base" name="@AfterSuite generateReports" time="0.0">
    <ignored/>
  </testcase> <!-- @AfterSuite generateReports -->
  <testcase classname="com.qnodetestingproject.base.Base" name="@AfterSuite generateReports" time="0.0">
    <ignored/>
  </testcase> <!-- @AfterSuite generateReports -->
</testsuite> <!-- Test -->
